This is pdfTeX, Version 3.14159265-2.6-1.40.17 (TeX Live 2016) (preloaded format=pdflatex 2016.5.22)  21 NOV 2018 09:32
entering extended mode
 restricted \write18 enabled.
 %&-line parsing enabled.
**jss.tex
(./jss.tex
LaTeX2e <2016/03/31>
Babel <3.9r> and hyphenation patterns for 83 language(s) loaded.
(./elsarticle.cls
Document Class: elsarticle 2009/09/17, 1.20b: Elsevier Ltd
\@bls=\dimen102
(/usr/local/texlive/2016/texmf-dist/tex/latex/base/article.cls
Document Class: article 2014/09/29 v1.4h Standard LaTeX document class
(/usr/local/texlive/2016/texmf-dist/tex/latex/base/size12.clo
File: size12.clo 2014/09/29 v1.4h Standard LaTeX file (size option)
)
\c@part=\count79
\c@section=\count80
\c@subsection=\count81
\c@subsubsection=\count82
\c@paragraph=\count83
\c@subparagraph=\count84
\c@figure=\count85
\c@table=\count86
\abovecaptionskip=\skip41
\belowcaptionskip=\skip42
\bibindent=\dimen103
)
(/usr/local/texlive/2016/texmf-dist/tex/latex/graphics/graphicx.sty
Package: graphicx 2014/10/28 v1.0g Enhanced LaTeX Graphics (DPC,SPQR)

(/usr/local/texlive/2016/texmf-dist/tex/latex/graphics/keyval.sty
Package: keyval 2014/10/28 v1.15 key=value parser (DPC)
\KV@toks@=\toks14
)
(/usr/local/texlive/2016/texmf-dist/tex/latex/graphics/graphics.sty
Package: graphics 2016/05/09 v1.0r Standard LaTeX Graphics (DPC,SPQR)

(/usr/local/texlive/2016/texmf-dist/tex/latex/graphics/trig.sty
Package: trig 2016/01/03 v1.10 sin cos tan (DPC)
)
(/usr/local/texlive/2016/texmf-dist/tex/latex/graphics-cfg/graphics.cfg
File: graphics.cfg 2016/01/02 v1.10 sample graphics configuration
)
Package graphics Info: Driver file: pdftex.def on input line 96.

(/usr/local/texlive/2016/texmf-dist/tex/latex/pdftex-def/pdftex.def
File: pdftex.def 2011/05/27 v0.06d Graphics/color for pdfTeX

(/usr/local/texlive/2016/texmf-dist/tex/generic/oberdiek/infwarerr.sty
Package: infwarerr 2016/05/16 v1.4 Providing info/warning/error messages (HO)
)
(/usr/local/texlive/2016/texmf-dist/tex/generic/oberdiek/ltxcmds.sty
Package: ltxcmds 2016/05/16 v1.23 LaTeX kernel commands for general use (HO)
)
\Gread@gobject=\count87
))
\Gin@req@height=\dimen104
\Gin@req@width=\dimen105
)
(/usr/local/texlive/2016/texmf-dist/tex/latex/psnfss/pifont.sty
Package: pifont 2005/04/12 PSNFSS-v9.2a Pi font support (SPQR) 
LaTeX Font Info:    Try loading font information for U+pzd on input line 63.

(/usr/local/texlive/2016/texmf-dist/tex/latex/psnfss/upzd.fd
File: upzd.fd 2001/06/04 font definitions for U/pzd.
)
LaTeX Font Info:    Try loading font information for U+psy on input line 64.

(/usr/local/texlive/2016/texmf-dist/tex/latex/psnfss/upsy.fd
File: upsy.fd 2001/06/04 font definitions for U/psy.
))
\c@tnote=\count88
\c@fnote=\count89
\c@cnote=\count90
\c@ead=\count91
\c@author=\count92
\@eadauthor=\toks15
\c@affn=\count93
\absbox=\box26
\keybox=\box27
\Columnwidth=\dimen106
\space@left=\dimen107
\els@boxa=\box28
\els@boxb=\box29
\leftMargin=\dimen108
\@enLab=\toks16
\@sep=\skip43
\@@sep=\skip44
 (./jss.spl)
(/usr/local/texlive/2016/texmf-dist/tex/latex/natbib/natbib.sty
Package: natbib 2010/09/13 8.31b (PWD, AO)
\bibhang=\skip45
\bibsep=\skip46
LaTeX Info: Redefining \cite on input line 694.
\c@NAT@ctr=\count94
)
\splwrite=\write3
\openout3 = `jss.spl'.


(/usr/local/texlive/2016/texmf-dist/tex/latex/geometry/geometry.sty
Package: geometry 2010/09/12 v5.6 Page Geometry

(/usr/local/texlive/2016/texmf-dist/tex/generic/oberdiek/ifpdf.sty
Package: ifpdf 2016/05/14 v3.1 Provides the ifpdf switch
)
(/usr/local/texlive/2016/texmf-dist/tex/generic/oberdiek/ifvtex.sty
Package: ifvtex 2016/05/16 v1.6 Detect VTeX and its facilities (HO)
Package ifvtex Info: VTeX not detected.
)
(/usr/local/texlive/2016/texmf-dist/tex/generic/ifxetex/ifxetex.sty
Package: ifxetex 2010/09/12 v0.6 Provides ifxetex conditional
)
\Gm@cnth=\count95
\Gm@cntv=\count96
\c@Gm@tempcnt=\count97
\Gm@bindingoffset=\dimen109
\Gm@wd@mp=\dimen110
\Gm@odd@mp=\dimen111
\Gm@even@mp=\dimen112
\Gm@layoutwidth=\dimen113
\Gm@layoutheight=\dimen114
\Gm@layouthoffset=\dimen115
\Gm@layoutvoffset=\dimen116
\Gm@dimlist=\toks17
)
\appnamewidth=\dimen117
)
(/usr/local/texlive/2016/texmf-dist/tex/latex/booktabs/booktabs.sty
Package: booktabs 2016/04/27 v1.618033 publication quality tables
\heavyrulewidth=\dimen118
\lightrulewidth=\dimen119
\cmidrulewidth=\dimen120
\belowrulesep=\dimen121
\belowbottomsep=\dimen122
\aboverulesep=\dimen123
\abovetopsep=\dimen124
\cmidrulesep=\dimen125
\cmidrulekern=\dimen126
\defaultaddspace=\dimen127
\@cmidla=\count98
\@cmidlb=\count99
\@aboverulesep=\dimen128
\@belowrulesep=\dimen129
\@thisruleclass=\count100
\@lastruleclass=\count101
\@thisrulewidth=\dimen130
)
(/usr/local/texlive/2016/texmf-dist/tex/latex/enumitem/enumitem.sty
Package: enumitem 2011/09/28 v3.5.2 Customized lists
\labelindent=\skip47
\enit@outerparindent=\dimen131
\enit@toks=\toks18
\enit@inbox=\box30
\enitdp@description=\count102
)
(/usr/local/texlive/2016/texmf-dist/tex/latex/xcolor/xcolor.sty
Package: xcolor 2016/05/11 v2.12 LaTeX color extensions (UK)

(/usr/local/texlive/2016/texmf-dist/tex/latex/graphics-cfg/color.cfg
File: color.cfg 2016/01/02 v1.6 sample color configuration
)
Package xcolor Info: Driver file: pdftex.def on input line 225.
Package xcolor Info: Model `cmy' substituted by `cmy0' on input line 1348.
Package xcolor Info: Model `hsb' substituted by `rgb' on input line 1352.
Package xcolor Info: Model `RGB' extended on input line 1364.
Package xcolor Info: Model `HTML' substituted by `rgb' on input line 1366.
Package xcolor Info: Model `Hsb' substituted by `hsb' on input line 1367.
Package xcolor Info: Model `tHsb' substituted by `hsb' on input line 1368.
Package xcolor Info: Model `HSB' substituted by `hsb' on input line 1369.
Package xcolor Info: Model `Gray' substituted by `gray' on input line 1370.
Package xcolor Info: Model `wave' substituted by `hsb' on input line 1371.
)
(/usr/local/texlive/2016/texmf-dist/tex/latex/tools/xspace.sty
Package: xspace 2014/10/28 v1.13 Space after command names (DPC,MH)
)
(/usr/local/texlive/2016/texmf-dist/tex/latex/mdframed/mdframed.sty
Package: mdframed 2013/07/01 1.9b: mdframed

(/usr/local/texlive/2016/texmf-dist/tex/latex/oberdiek/kvoptions.sty
Package: kvoptions 2016/05/16 v3.12 Key value format for package options (HO)

(/usr/local/texlive/2016/texmf-dist/tex/generic/oberdiek/kvsetkeys.sty
Package: kvsetkeys 2016/05/16 v1.17 Key value parser (HO)

(/usr/local/texlive/2016/texmf-dist/tex/generic/oberdiek/etexcmds.sty
Package: etexcmds 2016/05/16 v1.6 Avoid name clashes with e-TeX commands (HO)

(/usr/local/texlive/2016/texmf-dist/tex/generic/oberdiek/ifluatex.sty
Package: ifluatex 2016/05/16 v1.4 Provides the ifluatex switch (HO)
Package ifluatex Info: LuaTeX not detected.
)
Package etexcmds Info: Could not find \expanded.
(etexcmds)             That can mean that you are not using pdfTeX 1.50 or
(etexcmds)             that some package has redefined \expanded.
(etexcmds)             In the latter case, load this package earlier.
)))
(/usr/local/texlive/2016/texmf-dist/tex/latex/l3packages/xparse/xparse.sty
(/usr/local/texlive/2016/texmf-dist/tex/latex/l3kernel/expl3.sty
Package: expl3 2016/05/18 v6512 L3 programming layer (loader) 

(/usr/local/texlive/2016/texmf-dist/tex/latex/l3kernel/expl3-code.tex
Package: expl3 2016/05/18 v6512 L3 programming layer (code)
L3 Module: l3bootstrap 2016/02/12 v6412 L3 Bootstrap code
L3 Module: l3names 2016/03/11 v6433 L3 Namespace for primitives
L3 Module: l3basics 2015/11/22 v6315 L3 Basic definitions
L3 Module: l3expan 2015/09/10 v5983 L3 Argument expansion
L3 Module: l3tl 2016/03/26 v6465 L3 Token lists
L3 Module: l3str 2016/03/24 v6441 L3 Strings
L3 Module: l3seq 2015/08/05 v5777 L3 Sequences and stacks
L3 Module: l3int 2016/03/24 v6441 L3 Integers
\c_max_int=\count103
\l_tmpa_int=\count104
\l_tmpb_int=\count105
\g_tmpa_int=\count106
\g_tmpb_int=\count107
L3 Module: l3quark 2015/08/17 v5855 L3 Quarks
L3 Module: l3prg 2015/11/01 v6216 L3 Control structures
\g__prg_map_int=\count108
L3 Module: l3clist 2015/09/02 v5901 L3 Comma separated lists
L3 Module: l3token 2016/04/03 v6470 L3 Experimental token manipulation
L3 Module: l3prop 2016/01/05 v6366 L3 Property lists
L3 Module: l3msg 2016/03/26 v6464 L3 Messages
L3 Module: l3file 2016/03/25 v6458 L3 File and I/O operations
\l_iow_line_count_int=\count109
\l__iow_target_count_int=\count110
\l__iow_current_line_int=\count111
\l__iow_current_word_int=\count112
\l__iow_current_indentation_int=\count113
L3 Module: l3skip 2016/01/05 v6366 L3 Dimensions and skips
\c_zero_dim=\dimen132
\c_max_dim=\dimen133
\l_tmpa_dim=\dimen134
\l_tmpb_dim=\dimen135
\g_tmpa_dim=\dimen136
\g_tmpb_dim=\dimen137
\c_zero_skip=\skip48
\c_max_skip=\skip49
\l_tmpa_skip=\skip50
\l_tmpb_skip=\skip51
\g_tmpa_skip=\skip52
\g_tmpb_skip=\skip53
\c_zero_muskip=\muskip10
\c_max_muskip=\muskip11
\l_tmpa_muskip=\muskip12
\l_tmpb_muskip=\muskip13
\g_tmpa_muskip=\muskip14
\g_tmpb_muskip=\muskip15
L3 Module: l3keys 2015/11/17 v6284 L3 Key-value interfaces
\g__keyval_level_int=\count114
\l_keys_choice_int=\count115
L3 Module: l3fp 2016/03/26 v6465 L3 Floating points
\c__fp_leading_shift_int=\count116
\c__fp_middle_shift_int=\count117
\c__fp_trailing_shift_int=\count118
\c__fp_big_leading_shift_int=\count119
\c__fp_big_middle_shift_int=\count120
\c__fp_big_trailing_shift_int=\count121
\c__fp_Bigg_leading_shift_int=\count122
\c__fp_Bigg_middle_shift_int=\count123
\c__fp_Bigg_trailing_shift_int=\count124
L3 Module: l3box 2015/08/09 v5822 L3 Experimental boxes
\c_empty_box=\box31
\l_tmpa_box=\box32
\l_tmpb_box=\box33
\g_tmpa_box=\box34
\g_tmpb_box=\box35
L3 Module: l3coffins 2016/05/17 v6508 L3 Coffin code layer
\l__coffin_internal_box=\box36
\l__coffin_internal_dim=\dimen138
\l__coffin_offset_x_dim=\dimen139
\l__coffin_offset_y_dim=\dimen140
\l__coffin_x_dim=\dimen141
\l__coffin_y_dim=\dimen142
\l__coffin_x_prime_dim=\dimen143
\l__coffin_y_prime_dim=\dimen144
\c_empty_coffin=\box37
\l__coffin_aligned_coffin=\box38
\l__coffin_aligned_internal_coffin=\box39
\l_tmpa_coffin=\box40
\l_tmpb_coffin=\box41
\l__coffin_display_coffin=\box42
\l__coffin_display_coord_coffin=\box43
\l__coffin_display_pole_coffin=\box44
\l__coffin_display_offset_dim=\dimen145
\l__coffin_display_x_dim=\dimen146
\l__coffin_display_y_dim=\dimen147
L3 Module: l3color 2014/08/23 v5354 L3 Experimental color support
L3 Module: l3sys 2015/09/25 v6087 L3 Experimental system/runtime functions
L3 Module: l3candidates 2016/05/13 v6484 L3 Experimental additions to l3kernel
\l__box_top_dim=\dimen148
\l__box_bottom_dim=\dimen149
\l__box_left_dim=\dimen150
\l__box_right_dim=\dimen151
\l__box_top_new_dim=\dimen152
\l__box_bottom_new_dim=\dimen153
\l__box_left_new_dim=\dimen154
\l__box_right_new_dim=\dimen155
\l__box_internal_box=\box45
\l__coffin_bounding_shift_dim=\dimen156
\l__coffin_left_corner_dim=\dimen157
\l__coffin_right_corner_dim=\dimen158
\l__coffin_bottom_corner_dim=\dimen159
\l__coffin_top_corner_dim=\dimen160
\l__coffin_scaled_total_height_dim=\dimen161
\l__coffin_scaled_width_dim=\dimen162
L3 Module: l3luatex 2016/03/26 v6465 L3 Experimental LuaTeX-specific functions
)
(/usr/local/texlive/2016/texmf-dist/tex/latex/l3kernel/l3pdfmode.def
File: l3pdfmode.def 2016/03/26 v6465 L3 Experimental driver: PDF mode
\l__driver_color_stack_int=\count125
\l__driver_tmp_box=\box46
))
Package: xparse 2016/05/18 v6512 L3 Experimental document command parser
\l__xparse_current_arg_int=\count126
\l__xparse_m_args_int=\count127
\l__xparse_mandatory_args_int=\count128
\l__xparse_processor_int=\count129
\l__xparse_v_nesting_int=\count130
)
(/usr/local/texlive/2016/texmf-dist/tex/latex/etoolbox/etoolbox.sty
Package: etoolbox 2015/08/02 v2.2a e-TeX tools for LaTeX (JAW)
\etb@tempcnta=\count131
)
(/usr/local/texlive/2016/texmf-dist/tex/latex/oberdiek/zref-abspage.sty
Package: zref-abspage 2016/05/16 v2.25 Module abspage for zref (HO)

(/usr/local/texlive/2016/texmf-dist/tex/latex/oberdiek/zref-base.sty
Package: zref-base 2016/05/16 v2.25 Module base for zref (HO)

(/usr/local/texlive/2016/texmf-dist/tex/generic/oberdiek/kvdefinekeys.sty
Package: kvdefinekeys 2016/05/16 v1.4 Define keys (HO)
)
(/usr/local/texlive/2016/texmf-dist/tex/generic/oberdiek/pdftexcmds.sty
Package: pdftexcmds 2016/05/10 v0.21 Utility functions of pdfTeX for LuaTeX (HO
)
Package pdftexcmds Info: LuaTeX not detected.
Package pdftexcmds Info: \pdf@primitive is available.
Package pdftexcmds Info: \pdf@ifprimitive is available.
Package pdftexcmds Info: \pdfdraftmode found.
)
(/usr/local/texlive/2016/texmf-dist/tex/latex/oberdiek/auxhook.sty
Package: auxhook 2016/05/16 v1.4 Hooks for auxiliary files (HO)
)
Package zref Info: New property list: main on input line 759.
Package zref Info: New property: default on input line 760.
Package zref Info: New property: page on input line 761.
)
(/usr/local/texlive/2016/texmf-dist/tex/generic/oberdiek/atbegshi.sty
Package: atbegshi 2016/05/16 v1.17 At begin shipout hook (HO)
)
\c@abspage=\count132
Package zref Info: New property: abspage on input line 62.
)
(/usr/local/texlive/2016/texmf-dist/tex/latex/needspace/needspace.sty
Package: needspace 2010/09/12 v1.3d reserve vertical space
)
\mdf@templength=\skip54
\c@mdf@globalstyle@cnt=\count133
\mdf@skipabove@length=\skip55
\mdf@skipbelow@length=\skip56
\mdf@leftmargin@length=\skip57
\mdf@rightmargin@length=\skip58
\mdf@innerleftmargin@length=\skip59
\mdf@innerrightmargin@length=\skip60
\mdf@innertopmargin@length=\skip61
\mdf@innerbottommargin@length=\skip62
\mdf@splittopskip@length=\skip63
\mdf@splitbottomskip@length=\skip64
\mdf@outermargin@length=\skip65
\mdf@innermargin@length=\skip66
\mdf@linewidth@length=\skip67
\mdf@innerlinewidth@length=\skip68
\mdf@middlelinewidth@length=\skip69
\mdf@outerlinewidth@length=\skip70
\mdf@roundcorner@length=\skip71
\mdf@footenotedistance@length=\skip72
\mdf@userdefinedwidth@length=\skip73
\mdf@needspace@length=\skip74
\mdf@frametitleaboveskip@length=\skip75
\mdf@frametitlebelowskip@length=\skip76
\mdf@frametitlerulewidth@length=\skip77
\mdf@frametitleleftmargin@length=\skip78
\mdf@frametitlerightmargin@length=\skip79
\mdf@shadowsize@length=\skip80
\mdf@extratopheight@length=\skip81
\mdf@subtitleabovelinewidth@length=\skip82
\mdf@subtitlebelowlinewidth@length=\skip83
\mdf@subtitleaboveskip@length=\skip84
\mdf@subtitlebelowskip@length=\skip85
\mdf@subtitleinneraboveskip@length=\skip86
\mdf@subtitleinnerbelowskip@length=\skip87
\mdf@subsubtitleabovelinewidth@length=\skip88
\mdf@subsubtitlebelowlinewidth@length=\skip89
\mdf@subsubtitleaboveskip@length=\skip90
\mdf@subsubtitlebelowskip@length=\skip91
\mdf@subsubtitleinneraboveskip@length=\skip92
\mdf@subsubtitleinnerbelowskip@length=\skip93

(/usr/local/texlive/2016/texmf-dist/tex/latex/pgf/frontendlayer/tikz.sty
(/usr/local/texlive/2016/texmf-dist/tex/latex/pgf/basiclayer/pgf.sty
(/usr/local/texlive/2016/texmf-dist/tex/latex/pgf/utilities/pgfrcs.sty
(/usr/local/texlive/2016/texmf-dist/tex/generic/pgf/utilities/pgfutil-common.te
x
\pgfutil@everybye=\toks19
\pgfutil@tempdima=\dimen163
\pgfutil@tempdimb=\dimen164

(/usr/local/texlive/2016/texmf-dist/tex/generic/pgf/utilities/pgfutil-common-li
sts.tex))
(/usr/local/texlive/2016/texmf-dist/tex/generic/pgf/utilities/pgfutil-latex.def
\pgfutil@abb=\box47
(/usr/local/texlive/2016/texmf-dist/tex/latex/ms/everyshi.sty
Package: everyshi 2001/05/15 v3.00 EveryShipout Package (MS)
))
(/usr/local/texlive/2016/texmf-dist/tex/generic/pgf/utilities/pgfrcs.code.tex
Package: pgfrcs 2015/08/07 v3.0.1a (rcs-revision 1.31)
))
Package: pgf 2015/08/07 v3.0.1a (rcs-revision 1.15)
(/usr/local/texlive/2016/texmf-dist/tex/latex/pgf/basiclayer/pgfcore.sty
(/usr/local/texlive/2016/texmf-dist/tex/latex/pgf/systemlayer/pgfsys.sty
(/usr/local/texlive/2016/texmf-dist/tex/generic/pgf/systemlayer/pgfsys.code.tex
Package: pgfsys 2014/07/09 v3.0.1a (rcs-revision 1.48)
(/usr/local/texlive/2016/texmf-dist/tex/generic/pgf/utilities/pgfkeys.code.tex
\pgfkeys@pathtoks=\toks20
\pgfkeys@temptoks=\toks21

(/usr/local/texlive/2016/texmf-dist/tex/generic/pgf/utilities/pgfkeysfiltered.c
ode.tex
\pgfkeys@tmptoks=\toks22
))
\pgf@x=\dimen165
\pgf@y=\dimen166
\pgf@xa=\dimen167
\pgf@ya=\dimen168
\pgf@xb=\dimen169
\pgf@yb=\dimen170
\pgf@xc=\dimen171
\pgf@yc=\dimen172
\w@pgf@writea=\write4
\r@pgf@reada=\read1
\c@pgf@counta=\count134
\c@pgf@countb=\count135
\c@pgf@countc=\count136
\c@pgf@countd=\count137
\t@pgf@toka=\toks23
\t@pgf@tokb=\toks24
\t@pgf@tokc=\toks25

(/usr/local/texlive/2016/texmf-dist/tex/generic/pgf/systemlayer/pgf.cfg
File: pgf.cfg 2008/05/14  (rcs-revision 1.7)
)
Driver file for pgf: pgfsys-pdftex.def

(/usr/local/texlive/2016/texmf-dist/tex/generic/pgf/systemlayer/pgfsys-pdftex.d
ef
File: pgfsys-pdftex.def 2014/10/11  (rcs-revision 1.35)

(/usr/local/texlive/2016/texmf-dist/tex/generic/pgf/systemlayer/pgfsys-common-p
df.def
File: pgfsys-common-pdf.def 2013/10/10  (rcs-revision 1.13)
)))
(/usr/local/texlive/2016/texmf-dist/tex/generic/pgf/systemlayer/pgfsyssoftpath.
code.tex
File: pgfsyssoftpath.code.tex 2013/09/09  (rcs-revision 1.9)
\pgfsyssoftpath@smallbuffer@items=\count138
\pgfsyssoftpath@bigbuffer@items=\count139
)
(/usr/local/texlive/2016/texmf-dist/tex/generic/pgf/systemlayer/pgfsysprotocol.
code.tex
File: pgfsysprotocol.code.tex 2006/10/16  (rcs-revision 1.4)
))
(/usr/local/texlive/2016/texmf-dist/tex/generic/pgf/basiclayer/pgfcore.code.tex
Package: pgfcore 2010/04/11 v3.0.1a (rcs-revision 1.7)
(/usr/local/texlive/2016/texmf-dist/tex/generic/pgf/math/pgfmath.code.tex
(/usr/local/texlive/2016/texmf-dist/tex/generic/pgf/math/pgfmathcalc.code.tex
(/usr/local/texlive/2016/texmf-dist/tex/generic/pgf/math/pgfmathutil.code.tex)
(/usr/local/texlive/2016/texmf-dist/tex/generic/pgf/math/pgfmathparser.code.tex
\pgfmath@dimen=\dimen173
\pgfmath@count=\count140
\pgfmath@box=\box48
\pgfmath@toks=\toks26
\pgfmath@stack@operand=\toks27
\pgfmath@stack@operation=\toks28
)
(/usr/local/texlive/2016/texmf-dist/tex/generic/pgf/math/pgfmathfunctions.code.
tex
(/usr/local/texlive/2016/texmf-dist/tex/generic/pgf/math/pgfmathfunctions.basic
.code.tex)
(/usr/local/texlive/2016/texmf-dist/tex/generic/pgf/math/pgfmathfunctions.trigo
nometric.code.tex)
(/usr/local/texlive/2016/texmf-dist/tex/generic/pgf/math/pgfmathfunctions.rando
m.code.tex)
(/usr/local/texlive/2016/texmf-dist/tex/generic/pgf/math/pgfmathfunctions.compa
rison.code.tex)
(/usr/local/texlive/2016/texmf-dist/tex/generic/pgf/math/pgfmathfunctions.base.
code.tex)
(/usr/local/texlive/2016/texmf-dist/tex/generic/pgf/math/pgfmathfunctions.round
.code.tex)
(/usr/local/texlive/2016/texmf-dist/tex/generic/pgf/math/pgfmathfunctions.misc.
code.tex)
(/usr/local/texlive/2016/texmf-dist/tex/generic/pgf/math/pgfmathfunctions.integ
erarithmetics.code.tex)))
(/usr/local/texlive/2016/texmf-dist/tex/generic/pgf/math/pgfmathfloat.code.tex
\c@pgfmathroundto@lastzeros=\count141
))
(/usr/local/texlive/2016/texmf-dist/tex/generic/pgf/basiclayer/pgfcorepoints.co
de.tex
File: pgfcorepoints.code.tex 2013/10/07  (rcs-revision 1.27)
\pgf@picminx=\dimen174
\pgf@picmaxx=\dimen175
\pgf@picminy=\dimen176
\pgf@picmaxy=\dimen177
\pgf@pathminx=\dimen178
\pgf@pathmaxx=\dimen179
\pgf@pathminy=\dimen180
\pgf@pathmaxy=\dimen181
\pgf@xx=\dimen182
\pgf@xy=\dimen183
\pgf@yx=\dimen184
\pgf@yy=\dimen185
\pgf@zx=\dimen186
\pgf@zy=\dimen187
)
(/usr/local/texlive/2016/texmf-dist/tex/generic/pgf/basiclayer/pgfcorepathconst
ruct.code.tex
File: pgfcorepathconstruct.code.tex 2013/10/07  (rcs-revision 1.29)
\pgf@path@lastx=\dimen188
\pgf@path@lasty=\dimen189
)
(/usr/local/texlive/2016/texmf-dist/tex/generic/pgf/basiclayer/pgfcorepathusage
.code.tex
File: pgfcorepathusage.code.tex 2014/11/02  (rcs-revision 1.24)
\pgf@shorten@end@additional=\dimen190
\pgf@shorten@start@additional=\dimen191
)
(/usr/local/texlive/2016/texmf-dist/tex/generic/pgf/basiclayer/pgfcorescopes.co
de.tex
File: pgfcorescopes.code.tex 2015/05/08  (rcs-revision 1.46)
\pgfpic=\box49
\pgf@hbox=\box50
\pgf@layerbox@main=\box51
\pgf@picture@serial@count=\count142
)
(/usr/local/texlive/2016/texmf-dist/tex/generic/pgf/basiclayer/pgfcoregraphicst
ate.code.tex
File: pgfcoregraphicstate.code.tex 2014/11/02  (rcs-revision 1.12)
\pgflinewidth=\dimen192
)
(/usr/local/texlive/2016/texmf-dist/tex/generic/pgf/basiclayer/pgfcoretransform
ations.code.tex
File: pgfcoretransformations.code.tex 2015/08/07  (rcs-revision 1.20)
\pgf@pt@x=\dimen193
\pgf@pt@y=\dimen194
\pgf@pt@temp=\dimen195
)
(/usr/local/texlive/2016/texmf-dist/tex/generic/pgf/basiclayer/pgfcorequick.cod
e.tex
File: pgfcorequick.code.tex 2008/10/09  (rcs-revision 1.3)
)
(/usr/local/texlive/2016/texmf-dist/tex/generic/pgf/basiclayer/pgfcoreobjects.c
ode.tex
File: pgfcoreobjects.code.tex 2006/10/11  (rcs-revision 1.2)
)
(/usr/local/texlive/2016/texmf-dist/tex/generic/pgf/basiclayer/pgfcorepathproce
ssing.code.tex
File: pgfcorepathprocessing.code.tex 2013/09/09  (rcs-revision 1.9)
)
(/usr/local/texlive/2016/texmf-dist/tex/generic/pgf/basiclayer/pgfcorearrows.co
de.tex
File: pgfcorearrows.code.tex 2015/05/14  (rcs-revision 1.43)
\pgfarrowsep=\dimen196
)
(/usr/local/texlive/2016/texmf-dist/tex/generic/pgf/basiclayer/pgfcoreshade.cod
e.tex
File: pgfcoreshade.code.tex 2013/07/15  (rcs-revision 1.15)
\pgf@max=\dimen197
\pgf@sys@shading@range@num=\count143
)
(/usr/local/texlive/2016/texmf-dist/tex/generic/pgf/basiclayer/pgfcoreimage.cod
e.tex
File: pgfcoreimage.code.tex 2013/07/15  (rcs-revision 1.18)

(/usr/local/texlive/2016/texmf-dist/tex/generic/pgf/basiclayer/pgfcoreexternal.
code.tex
File: pgfcoreexternal.code.tex 2014/07/09  (rcs-revision 1.21)
\pgfexternal@startupbox=\box52
))
(/usr/local/texlive/2016/texmf-dist/tex/generic/pgf/basiclayer/pgfcorelayers.co
de.tex
File: pgfcorelayers.code.tex 2013/07/18  (rcs-revision 1.7)
)
(/usr/local/texlive/2016/texmf-dist/tex/generic/pgf/basiclayer/pgfcoretranspare
ncy.code.tex
File: pgfcoretransparency.code.tex 2013/09/30  (rcs-revision 1.5)
)
(/usr/local/texlive/2016/texmf-dist/tex/generic/pgf/basiclayer/pgfcorepatterns.
code.tex
File: pgfcorepatterns.code.tex 2013/11/07  (rcs-revision 1.5)
)))
(/usr/local/texlive/2016/texmf-dist/tex/generic/pgf/modules/pgfmoduleshapes.cod
e.tex
File: pgfmoduleshapes.code.tex 2014/03/21  (rcs-revision 1.35)
\pgfnodeparttextbox=\box53
)
(/usr/local/texlive/2016/texmf-dist/tex/generic/pgf/modules/pgfmoduleplot.code.
tex
File: pgfmoduleplot.code.tex 2015/08/03  (rcs-revision 1.13)
)
(/usr/local/texlive/2016/texmf-dist/tex/latex/pgf/compatibility/pgfcomp-version
-0-65.sty
Package: pgfcomp-version-0-65 2007/07/03 v3.0.1a (rcs-revision 1.7)
\pgf@nodesepstart=\dimen198
\pgf@nodesepend=\dimen199
)
(/usr/local/texlive/2016/texmf-dist/tex/latex/pgf/compatibility/pgfcomp-version
-1-18.sty
Package: pgfcomp-version-1-18 2007/07/23 v3.0.1a (rcs-revision 1.1)
))
(/usr/local/texlive/2016/texmf-dist/tex/latex/pgf/utilities/pgffor.sty
(/usr/local/texlive/2016/texmf-dist/tex/latex/pgf/utilities/pgfkeys.sty
(/usr/local/texlive/2016/texmf-dist/tex/generic/pgf/utilities/pgfkeys.code.tex)
) (/usr/local/texlive/2016/texmf-dist/tex/latex/pgf/math/pgfmath.sty
(/usr/local/texlive/2016/texmf-dist/tex/generic/pgf/math/pgfmath.code.tex))
(/usr/local/texlive/2016/texmf-dist/tex/generic/pgf/utilities/pgffor.code.tex
Package: pgffor 2013/12/13 v3.0.1a (rcs-revision 1.25)

(/usr/local/texlive/2016/texmf-dist/tex/generic/pgf/math/pgfmath.code.tex)
\pgffor@iter=\dimen256
\pgffor@skip=\dimen257
\pgffor@stack=\toks29
\pgffor@toks=\toks30
))
(/usr/local/texlive/2016/texmf-dist/tex/generic/pgf/frontendlayer/tikz/tikz.cod
e.tex
Package: tikz 2015/08/07 v3.0.1a (rcs-revision 1.151)

(/usr/local/texlive/2016/texmf-dist/tex/generic/pgf/libraries/pgflibraryplothan
dlers.code.tex
File: pgflibraryplothandlers.code.tex 2013/08/31 v3.0.1a (rcs-revision 1.20)
\pgf@plot@mark@count=\count144
\pgfplotmarksize=\dimen258
)
\tikz@lastx=\dimen259
\tikz@lasty=\dimen260
\tikz@lastxsaved=\dimen261
\tikz@lastysaved=\dimen262
\tikzleveldistance=\dimen263
\tikzsiblingdistance=\dimen264
\tikz@figbox=\box54
\tikz@figbox@bg=\box55
\tikz@tempbox=\box56
\tikz@tempbox@bg=\box57
\tikztreelevel=\count145
\tikznumberofchildren=\count146
\tikznumberofcurrentchild=\count147
\tikz@fig@count=\count148

(/usr/local/texlive/2016/texmf-dist/tex/generic/pgf/modules/pgfmodulematrix.cod
e.tex
File: pgfmodulematrix.code.tex 2013/09/17  (rcs-revision 1.8)
\pgfmatrixcurrentrow=\count149
\pgfmatrixcurrentcolumn=\count150
\pgf@matrix@numberofcolumns=\count151
)
\tikz@expandcount=\count152

(/usr/local/texlive/2016/texmf-dist/tex/generic/pgf/frontendlayer/tikz/librarie
s/tikzlibrarytopaths.code.tex
File: tikzlibrarytopaths.code.tex 2008/06/17 v3.0.1a (rcs-revision 1.2)
)))
(/usr/local/texlive/2016/texmf-dist/tex/latex/mdframed/md-frame-1.mdf
File: md-frame-1.mdf 2013/07/01\ 1.9b: md-frame-1
)
\mdf@frametitlebox=\box58
\mdf@footnotebox=\box59
\mdf@splitbox@one=\box60
\mdf@splitbox@two=\box61
\mdf@splitbox@save=\box62
\mdfsplitboxwidth=\skip94
\mdfsplitboxtotalwidth=\skip95
\mdfsplitboxheight=\skip96
\mdfsplitboxdepth=\skip97
\mdfsplitboxtotalheight=\skip98
\mdfframetitleboxwidth=\skip99
\mdfframetitleboxtotalwidth=\skip100
\mdfframetitleboxheight=\skip101
\mdfframetitleboxdepth=\skip102
\mdfframetitleboxtotalheight=\skip103
\mdffootnoteboxwidth=\skip104
\mdffootnoteboxtotalwidth=\skip105
\mdffootnoteboxheight=\skip106
\mdffootnoteboxdepth=\skip107
\mdffootnoteboxtotalheight=\skip108
\mdftotallinewidth=\skip109
\mdfboundingboxwidth=\skip110
\mdfboundingboxtotalwidth=\skip111
\mdfboundingboxheight=\skip112
\mdfboundingboxdepth=\skip113
\mdfboundingboxtotalheight=\skip114
\mdf@freevspace@length=\skip115
\mdf@horizontalwidthofbox@length=\skip116
\mdf@verticalmarginwhole@length=\skip117
\mdf@horizontalspaceofbox=\skip118
\mdfsubtitleheight=\skip119
\mdfsubsubtitleheight=\skip120
\c@mdfcountframes=\count153

****** mdframed patching \endmdf@trivlist

****** -- success******

.................................................
. LaTeX info: "xparse/define-command"
. 
. Defining command \newmdtheoremenv with sig. 'O{} m o m o ' on line 601.
.................................................
.................................................
. LaTeX info: "xparse/define-command"
. 
. Defining command \mdtheorem with sig. ' O{} m o m o ' on line 701.
.................................................
\mdf@envdepth=\count154
\c@mdf@env@i=\count155
\c@mdf@env@ii=\count156
\c@mdf@zref@counter=\count157
Package zref Info: New property: mdf@pagevalue on input line 895.
)
(./jss.aux)
\openout1 = `jss.aux'.

LaTeX Font Info:    Checking defaults for OML/cmm/m/it on input line 38.
LaTeX Font Info:    ... okay on input line 38.
LaTeX Font Info:    Checking defaults for T1/cmr/m/n on input line 38.
LaTeX Font Info:    ... okay on input line 38.
LaTeX Font Info:    Checking defaults for OT1/cmr/m/n on input line 38.
LaTeX Font Info:    ... okay on input line 38.
LaTeX Font Info:    Checking defaults for OMS/cmsy/m/n on input line 38.
LaTeX Font Info:    ... okay on input line 38.
LaTeX Font Info:    Checking defaults for OMX/cmex/m/n on input line 38.
LaTeX Font Info:    ... okay on input line 38.
LaTeX Font Info:    Checking defaults for U/cmr/m/n on input line 38.
LaTeX Font Info:    ... okay on input line 38.

(/usr/local/texlive/2016/texmf-dist/tex/context/base/mkii/supp-pdf.mkii
[Loading MPS to PDF converter (version 2006.09.02).]
\scratchcounter=\count158
\scratchdimen=\dimen265
\scratchbox=\box63
\nofMPsegments=\count159
\nofMParguments=\count160
\everyMPshowfont=\toks31
\MPscratchCnt=\count161
\MPscratchDim=\dimen266
\MPnumerator=\count162
\makeMPintoPDFobject=\count163
\everyMPtoPDFconversion=\toks32
) (/usr/local/texlive/2016/texmf-dist/tex/latex/oberdiek/epstopdf-base.sty
Package: epstopdf-base 2016/05/15 v2.6 Base part for package epstopdf

(/usr/local/texlive/2016/texmf-dist/tex/latex/oberdiek/grfext.sty
Package: grfext 2016/05/16 v1.2 Manage graphics extensions (HO)
)
Package grfext Info: Graphics extension search list:
(grfext)             [.png,.pdf,.jpg,.mps,.jpeg,.jbig2,.jb2,.PNG,.PDF,.JPG,.JPE
G,.JBIG2,.JB2,.eps]
(grfext)             \AppendGraphicsExtensions on input line 456.

(/usr/local/texlive/2016/texmf-dist/tex/latex/latexconfig/epstopdf-sys.cfg
File: epstopdf-sys.cfg 2010/07/13 v1.3 Configuration of (r)epstopdf for TeX Liv
e
))
*geometry* driver: auto-detecting
*geometry* detected driver: pdftex
*geometry* verbose mode - [ preamble ] result:
* driver: pdftex
* paper: custom
* layout: <same size as paper>
* layoutoffset:(h,v)=(0.0pt,0.0pt)
* hratio: 1:1
* vratio: 1:1
* modes: 
* h-part:(L,W,R)=(64.75394pt, 468.0pt, 64.75394pt)
* v-part:(T,H,B)=(111.52342pt, 622.0pt, 111.52342pt)
* \paperwidth=597.50787pt
* \paperheight=845.04684pt
* \textwidth=468.0pt
* \textheight=622.0pt
* \oddsidemargin=-7.51605pt
* \evensidemargin=-7.51605pt
* \topmargin=-22.74657pt
* \headheight=50.0pt
* \headsep=12.0pt
* \topskip=12.0pt
* \footskip=18.0pt
* \marginparwidth=44.0pt
* \marginparsep=10.0pt
* \columnsep=24.0pt
* \skip\footins=24.0pt plus 2.0pt minus 12.0pt
* \hoffset=0.0pt
* \voffset=0.0pt
* \mag=1000
* \@twocolumnfalse
* \@twosidefalse
* \@mparswitchfalse
* \@reversemarginfalse
* (1in=72.27pt=25.4mm, 1cm=28.453pt)

\AtBeginShipoutBox=\box64
ABD: EveryShipout initializing macros
LaTeX Font Info:    External font `cmex10' loaded for size
(Font)              <12> on input line 102.
LaTeX Font Info:    External font `cmex10' loaded for size
(Font)              <8> on input line 102.
LaTeX Font Info:    External font `cmex10' loaded for size
(Font)              <6> on input line 102.
LaTeX Font Info:    External font `cmex10' loaded for size
(Font)              <5> on input line 102.
LaTeX Font Info:    External font `cmex10' loaded for size
(Font)              <7> on input line 102.
 (./1_introduction.tex [1

{/usr/local/texlive/2016/texmf-var/fonts/map/pdftex/updmap/pdftex.map}]
LaTeX Font Info:    Try loading font information for OMS+cmr on input line 56.

(/usr/local/texlive/2016/texmf-dist/tex/latex/base/omscmr.fd
File: omscmr.fd 2014/09/29 v2.5h Standard LaTeX font definitions
)
LaTeX Font Info:    Font shape `OMS/cmr/m/n' in size <12> not available
(Font)              Font shape `OMS/cmsy/m/n' tried instead on input line 56.
 [2])
(./2_methodology.tex [3]
LaTeX Font Info:    Try loading font information for OML+cmr on input line 95.

(/usr/local/texlive/2016/texmf-dist/tex/latex/base/omlcmr.fd
File: omlcmr.fd 2014/09/29 v2.5h Standard LaTeX font definitions
)
LaTeX Font Info:    Font shape `OML/cmr/m/n' in size <10> not available
(Font)              Font shape `OML/cmm/m/it' tried instead on input line 95.

Overfull \hbox (9.09131pt too wide) in paragraph at lines 98--98
 []\OT1/cmr/bx/n/12 P#| 
 []


Overfull \hbox (6.31352pt too wide) in paragraph at lines 99--99
[]\OT1/cmr/bx/n/12 SX| 
 []


Overfull \hbox (7.36302pt too wide) in paragraph at lines 99--99
[]\OT1/cmr/bx/n/12 DX| 
 []


Overfull \hbox (6.07921pt too wide) in paragraph at lines 99--99
[]\OT1/cmr/bx/n/12 CN| 
 []


Overfull \hbox (9.17107pt too wide) in paragraph at lines 99--99
[]\OT1/cmr/bx/n/12 Domain| 
 []


Overfull \hbox (2.48839pt too wide) in paragraph at lines 100--100
 []\OT1/cmr/m/n/12 P1| 
 []


Underfull \hbox (badness 10000) in paragraph at lines 100--100
[]\OT1/cmr/m/n/12 DevOps De-
 []


Overfull \hbox (2.48839pt too wide) in paragraph at lines 102--102
 []\OT1/cmr/m/n/12 P2| 
 []


Underfull \hbox (badness 1259) in paragraph at lines 102--102
[]\OT1/cmr/m/n/12 DevOps Con-
 []


Overfull \hbox (2.74153pt too wide) in paragraph at lines 102--102
[]\OT1/cmr/m/n/12 BR| 
 []


Overfull \hbox (2.23065pt too wide) in paragraph at lines 102--102
[]\OT1/cmr/m/n/12 M| 
 []


Overfull \hbox (2.48839pt too wide) in paragraph at lines 104--104
 []\OT1/cmr/m/n/12 P3| 
 []


Underfull \hbox (badness 10000) in paragraph at lines 104--104
[]\OT1/cmr/m/n/12 DevOps De-
 []


Overfull \hbox (2.48839pt too wide) in paragraph at lines 106--106
 []\OT1/cmr/m/n/12 P4| 
 []


Underfull \hbox (badness 10000) in paragraph at lines 106--106
[]\OT1/cmr/m/n/12 Computer
 []


Overfull \hbox (2.74153pt too wide) in paragraph at lines 106--106
[]\OT1/cmr/m/n/12 BR| 
 []


Overfull \hbox (2.48839pt too wide) in paragraph at lines 108--108
 []\OT1/cmr/m/n/12 P5| 
 []


Overfull \hbox (5.11507pt too wide) in paragraph at lines 108--108
[]\OT1/cmr/m/n/12 Telecom| 
 []


Overfull \hbox (7.61394pt too wide) in paragraph at lines 108--108
[]\OT1/cmr/m/n/12 XL| 
 []


Overfull \hbox (2.48839pt too wide) in paragraph at lines 110--110
 []\OT1/cmr/m/n/12 P6| 
 []


Overfull \hbox (2.9068pt too wide) in paragraph at lines 110--110
[]\OT1/cmr/m/n/12 PO| 
 []


Overfull \hbox (2.48839pt too wide) in paragraph at lines 112--112
 []\OT1/cmr/m/n/12 P7| 
 []


Overfull \hbox (2.74153pt too wide) in paragraph at lines 112--112
[]\OT1/cmr/m/n/12 BR| 
 []


Overfull \hbox (5.11507pt too wide) in paragraph at lines 112--112
[]\OT1/cmr/m/n/12 Telecom| 
 []


Overfull \hbox (2.48839pt too wide) in paragraph at lines 114--114
 []\OT1/cmr/m/n/12 P8| 
 []


Overfull \hbox (2.74153pt too wide) in paragraph at lines 114--114
[]\OT1/cmr/m/n/12 BR| 
 []


Overfull \hbox (15.55524pt too wide) in paragraph at lines 114--114
[]\OT1/cmr/m/n/12 Marketing| 
 []


Overfull \hbox (2.23065pt too wide) in paragraph at lines 114--114
[]\OT1/cmr/m/n/12 M| 
 []


Overfull \hbox (2.48839pt too wide) in paragraph at lines 116--116
 []\OT1/cmr/m/n/12 P9| 
 []


Overfull \hbox (2.74153pt too wide) in paragraph at lines 116--116
[]\OT1/cmr/m/n/12 BR| 
 []


Overfull \hbox (2.23065pt too wide) in paragraph at lines 116--116
[]\OT1/cmr/m/n/12 M| 
 []


Overfull \hbox (8.36333pt too wide) in paragraph at lines 118--118
 []\OT1/cmr/m/n/12 P10| 
 []


Underfull \hbox (badness 6141) in paragraph at lines 118--118
[]\OT1/cmr/m/n/12 Network Ad-
 []


Overfull \hbox (2.74153pt too wide) in paragraph at lines 118--118
[]\OT1/cmr/m/n/12 BR| 
 []


Overfull \hbox (8.36333pt too wide) in paragraph at lines 120--120
 []\OT1/cmr/m/n/12 P11| 
 []


Underfull \hbox (badness 10000) in paragraph at lines 120--120
[]\OT1/cmr/m/n/12 DevOps Su-
 []


Overfull \hbox (2.74153pt too wide) in paragraph at lines 120--120
[]\OT1/cmr/m/n/12 BR| 
 []


Overfull \hbox (2.23065pt too wide) in paragraph at lines 120--120
[]\OT1/cmr/m/n/12 M| 
 []


Overfull \hbox (8.36333pt too wide) in paragraph at lines 122--122
 []\OT1/cmr/m/n/12 P12| 
 []


Underfull \hbox (badness 10000) in paragraph at lines 122--122
[]\OT1/cmr/m/n/12 Cloud En-gi-
 []


Overfull \hbox (1.10959pt too wide) in paragraph at lines 122--122
[]\OT1/cmr/m/n/12 US| 
 []


Overfull \hbox (8.36333pt too wide) in paragraph at lines 124--124
 []\OT1/cmr/m/n/12 P13| 
 []


Underfull \hbox (badness 10000) in paragraph at lines 124--124
[]\OT1/cmr/m/n/12 Technology
 []


Overfull \hbox (2.74153pt too wide) in paragraph at lines 124--124
[]\OT1/cmr/m/n/12 BR| 
 []


Overfull \hbox (2.23065pt too wide) in paragraph at lines 124--124
[]\OT1/cmr/m/n/12 M| 
 []


Overfull \hbox (8.36333pt too wide) in paragraph at lines 126--126
 []\OT1/cmr/m/n/12 P14| 
 []


Overfull \hbox (2.74153pt too wide) in paragraph at lines 126--126
[]\OT1/cmr/m/n/12 BR| 
 []


Overfull \hbox (8.36333pt too wide) in paragraph at lines 128--128
 []\OT1/cmr/m/n/12 P15| 
 []


Overfull \hbox (2.74153pt too wide) in paragraph at lines 128--128
[]\OT1/cmr/m/n/12 BR| 
 []

[4] [5] <fig1.png, id=34, 530.98375pt x 299.1175pt>
File: fig1.png Graphic file (type png)
 <use fig1.png>
Package pdftex.def Info: fig1.png used on input line 243.
(pdftex.def)             Requested size: 234.0pt x 131.81749pt.
)
(./3_categories.tex
Overfull \hbox (1.42017pt too wide) in paragraph at lines 3--9
[]\OT1/cmr/m/n/12 Here we de-tail our un-der-stand-ing of the core cat-e-gory o
f Dev-Ops adop-tion (\OT1/cmr/bx/it/12 collaborative
 []

Package mdframed Info: Not enough space on this page on input line 28.
[6 <./fig1.png>]
Package mdframed Info: Not enough space on this page on input line 28.
 [7]
Package mdframed Info: Not enough space on this page on input line 86.
Package mdframed Info: Not enough space on this page on input line 133.
 [8]
Package mdframed Info: Not enough space on this page on input line 133.
 [9] [10] [11]
Package mdframed Info: Not enough space on this page on input line 353.
 [12]
Package mdframed Info: Not enough space on this page on input line 353.
) (./4_1_results.tex [13]
Package mdframed Info: Not enough space on this page on input line 59.
 [14]
Package mdframed Info: Not enough space on this page on input line 59.

[15]) (./4_2_model.tex <model.png, id=70, 926.46124pt x 216.81pt>
File: model.png Graphic file (type png)

<use model.png>
Package pdftex.def Info: model.png used on input line 35.
(pdftex.def)             Requested size: 304.19714pt x 71.18692pt.
) (./5_TCU.tex [16] [17 <./model.png>] [18] [19]
Overfull \hbox (9.09131pt too wide) in paragraph at lines 215--215
[]\OT1/cmr/bx/n/12 P#| 
 []


Overfull \hbox (9.4738pt too wide) in paragraph at lines 215--215
[]\OT1/cmr/bx/n/12 Team| 
 []


Overfull \hbox (9.47247pt too wide) in paragraph at lines 215--215
[]\OT1/cmr/bx/n/12 Formation| 
 []


Overfull \hbox (2.48839pt too wide) in paragraph at lines 216--216
[]\OT1/cmr/m/n/12 P1| 
 []


Overfull \hbox (2.48839pt too wide) in paragraph at lines 217--217
[]\OT1/cmr/m/n/12 P2| 
 []


Overfull \hbox (12.00375pt too wide) in paragraph at lines 217--217
[]\OT1/cmr/m/n/12 Posgraduate| 
 []


Overfull \hbox (2.48839pt too wide) in paragraph at lines 218--218
[]\OT1/cmr/m/n/12 P3| 
 []


Overfull \hbox (2.48839pt too wide) in paragraph at lines 219--219
[]\OT1/cmr/m/n/12 P4| 
 []


Underfull \hbox (badness 1014) in paragraph at lines 240--240
[]\OT1/cmr/m/n/12 Current sta-tus of
 []


Underfull \hbox (badness 4726) in paragraph at lines 240--240
\OT1/cmr/m/n/12 Dev-Ops adop-tion
 []


Underfull \hbox (badness 3179) in paragraph at lines 241--242
[]\OT1/cmr/m/n/12 1. What ac-tions
 []


Underfull \hbox (badness 10000) in paragraph at lines 241--242
\OT1/cmr/m/n/12 de-vel-oped in the
 []


Underfull \hbox (badness 10000) in paragraph at lines 241--242

 []


Underfull \hbox (badness 10000) in paragraph at lines 241--242
\OT1/cmr/m/n/12 ex-ist-ing prob-lems
 []


Underfull \hbox (badness 5924) in paragraph at lines 244--244
[]\OT1/cmr/m/n/12 Applicability and
 []


Underfull \hbox (badness 7256) in paragraph at lines 245--246
\OT1/cmr/m/n/12 that the pro-posed
 []


Underfull \hbox (badness 10000) in paragraph at lines 245--246
\OT1/cmr/m/n/12 model has con-
 []


Underfull \hbox (badness 10000) in paragraph at lines 245--246

 []


Underfull \hbox (badness 10000) in paragraph at lines 248--248
[]\OT1/cmr/m/n/12 Challenges faced
 []


Underfull \hbox (badness 1642) in paragraph at lines 249--250
[]\OT1/cmr/m/n/12 1. What are the
 []


Underfull \hbox (badness 10000) in paragraph at lines 249--250

 []


Underfull \hbox (badness 1642) in paragraph at lines 249--250
\OT1/cmr/m/n/12 2. What are the
 []


Underfull \hbox (badness 1394) in paragraph at lines 249--250
\OT1/cmr/m/n/12 next steps in Dev-
 []


Underfull \hbox (badness 10000) in paragraph at lines 249--250
\OT1/cmr/m/n/12 Ops adop-tion at
 []

[20] [21]
Missing character: There is no √ in font cmr12!
Missing character: There is no ß in font cmr12!
Missing character: There is no √ in font cmr12!
Missing character: There is no £ in font cmr12!
Missing character: There is no √ in font cmr12!
Missing character: There is no ß in font cmr12!
Missing character: There is no √ in font cmr12!
Missing character: There is no µ in font cmr12!
Missing character: There is no √ in font cmr12!
Missing character: There is no ≥ in font cmr12!
Missing character: There is no √ in font cmr12!
Missing character: There is no ß in font cmr12!
Missing character: There is no √ in font cmr12!
Missing character: There is no £ in font cmr12!
Missing character: There is no √ in font cmr12!
Missing character: There is no ° in font cmr12!
Missing character: There is no √ in font cmr12!
Missing character: There is no ° in font cmr12!
Missing character: There is no √ in font cmr12!
Missing character: There is no ≥ in font cmr12!
Missing character: There is no √ in font cmr12!
Missing character: There is no ß in font cmr12!
Missing character: There is no √ in font cmr12!
Missing character: There is no £ in font cmr12!
Missing character: There is no √ in font cmr12!
Missing character: There is no ß in font cmr12!
Missing character: There is no √ in font cmr12!
Missing character: There is no µ in font cmr12!
Missing character: There is no √ in font cmr12!
Missing character: There is no £ in font cmr12!
Missing character: There is no √ in font cmr12!
Missing character: There is no ≠ in font cmr12!
Missing character: There is no √ in font cmr12!
Missing character: There is no ß in font cmr12!
Missing character: There is no √ in font cmr12!
Missing character: There is no £ in font cmr12!
Missing character: There is no √ in font cmbx12!
Missing character: There is no £ in font cmbx12!
Missing character: There is no √ in font cmr12!
Missing character: There is no † in font cmr12!
Missing character: There is no √ in font cmr12!
Missing character: There is no ß in font cmr12!
Missing character: There is no √ in font cmr12!
Missing character: There is no µ in font cmr12!
Missing character: There is no √ in font cmr12!
Missing character: There is no ≠ in font cmr12!
Missing character: There is no √ in font cmr12!
Missing character: There is no £ in font cmr12!
Missing character: There is no ‚ in font cmr12!
Missing character: There is no Ä in font cmr12!
Missing character: There is no ú in font cmr12!
Missing character: There is no ‚ in font cmr12!
Missing character: There is no Ä in font cmr12!
Missing character: There is no ù in font cmr12!
Missing character: There is no √ in font cmr12!
Missing character: There is no ß in font cmr12!
Missing character: There is no √ in font cmr12!
Missing character: There is no µ in font cmr12!
Missing character: There is no √ in font cmr12!
Missing character: There is no ß in font cmr12!
Missing character: There is no √ in font cmr12!
Missing character: There is no µ in font cmr12!
Missing character: There is no √ in font cmr12!
Missing character: There is no † in font cmr12!
Missing character: There is no √ in font cmr12!
Missing character: There is no ß in font cmr12!
Missing character: There is no √ in font cmr12!
Missing character: There is no £ in font cmr12!
Missing character: There is no √ in font cmr12!
Missing character: There is no ß in font cmr12!
Missing character: There is no √ in font cmr12!
Missing character: There is no £ in font cmr12!
Missing character: There is no √ in font cmr12!
Missing character: There is no ß in font cmr12!
Missing character: There is no √ in font cmr12!
Missing character: There is no £ in font cmr12!
Missing character: There is no √ in font cmr12!
Missing character: There is no £ in font cmr12!
Missing character: There is no √ in font cmr12!
Missing character: There is no © in font cmr12!
Missing character: There is no √ in font cmr12!
Missing character: There is no ß in font cmr12!
Missing character: There is no √ in font cmr12!
Missing character: There is no £ in font cmr12!
Missing character: There is no √ in font cmr12!
Missing character: There is no ß in font cmr12!
Missing character: There is no √ in font cmr12!
Missing character: There is no © in font cmr12!
Missing character: There is no √ in font cmr12!
Missing character: There is no ≥ in font cmr12!
 [22]
Missing character: There is no √ in font cmr12!
Missing character: There is no ™ in font cmr12!
Missing character: There is no √ in font cmr12!
Missing character: There is no ∫ in font cmr12!
Missing character: There is no √ in font cmr12!
Missing character: There is no ß in font cmr12!
Missing character: There is no √ in font cmr12!
Missing character: There is no £ in font cmr12!
Missing character: There is no ‚ in font cmr12!
Missing character: There is no Ä in font cmr12!
Missing character: There is no ú in font cmr12!
Missing character: There is no √ in font cmr12!
Missing character: There is no ° in font cmr12!
Missing character: There is no √ in font cmr12!
Missing character: There is no ™ in font cmr12!
Missing character: There is no ‚ in font cmr12!
Missing character: There is no Ä in font cmr12!
Missing character: There is no ù in font cmr12!
Missing character: There is no √ in font cmr12!
Missing character: There is no ° in font cmr12!
Missing character: There is no √ in font cmr12!
Missing character: There is no ° in font cmr12!
Missing character: There is no √ in font cmr12!
Missing character: There is no ™ in font cmr12!
Missing character: There is no √ in font cmr12!
Missing character: There is no ß in font cmr12!
Missing character: There is no √ in font cmr12!
Missing character: There is no £ in font cmr12!
Missing character: There is no √ in font cmr12!
Missing character: There is no © in font cmr12!
Missing character: There is no √ in font cmr12!
Missing character: There is no ß in font cmr12!
Missing character: There is no √ in font cmr12!
Missing character: There is no £ in font cmr12!
Missing character: There is no √ in font cmr12!
Missing character: There is no ° in font cmr12!
Missing character: There is no √ in font cmr12!
Missing character: There is no £ in font cmr12!
Missing character: There is no √ in font cmr12!
Missing character: There is no ≥ in font cmr12!
Missing character: There is no √ in font cmbx12!
Missing character: There is no ™ in font cmbx12!
Missing character: There is no √ in font cmr12!
Missing character: There is no ≠ in font cmr12!
Missing character: There is no √ in font cmr12!
Missing character: There is no ™ in font cmr12!
Missing character: There is no √ in font cmr12!
Missing character: There is no ß in font cmr12!
Missing character: There is no √ in font cmr12!
Missing character: There is no £ in font cmr12!
Missing character: There is no √ in font cmr12!
Missing character: There is no ≥ in font cmr12!
Missing character: There is no √ in font cmr12!
Missing character: There is no © in font cmr12!
Missing character: There is no √ in font cmr12!
Missing character: There is no ≥ in font cmr12!
Missing character: There is no √ in font cmr12!
Missing character: There is no £ in font cmr12!
Missing character: There is no √ in font cmr12!
Missing character: There is no £ in font cmr12!
Missing character: There is no √ in font cmr12!
Missing character: There is no ß in font cmr12!
Missing character: There is no √ in font cmr12!
Missing character: There is no ° in font cmr12!
Missing character: There is no √ in font cmr12!
Missing character: There is no © in font cmr12!
Missing character: There is no √ in font cmr12!
Missing character: There is no ß in font cmr12!
Missing character: There is no √ in font cmr12!
Missing character: There is no £ in font cmr12!
Missing character: There is no √ in font cmr12!
Missing character: There is no ° in font cmr12!
Missing character: There is no √ in font cmr12!
Missing character: There is no ≥ in font cmr12!
Missing character: There is no √ in font cmr12!
Missing character: There is no £ in font cmr12!
Missing character: There is no √ in font cmr12!
Missing character: There is no ≠ in font cmr12!
Missing character: There is no √ in font cmr12!
Missing character: There is no ™ in font cmr12!
Missing character: There is no √ in font cmr12!
Missing character: There is no © in font cmr12!
Missing character: There is no √ in font cmr12!
Missing character: There is no ß in font cmr12!
Missing character: There is no √ in font cmr12!
Missing character: There is no £ in font cmr12!
Missing character: There is no √ in font cmr12!
Missing character: There is no © in font cmr12!
Missing character: There is no √ in font cmr12!
Missing character: There is no µ in font cmr12!
Missing character: There is no √ in font cmr12!
Missing character: There is no ∫ in font cmr12!
Missing character: There is no √ in font cmr12!
Missing character: There is no ≥ in font cmr12!
Missing character: There is no √ in font cmr12!
Missing character: There is no ß in font cmr12!
Missing character: There is no √ in font cmr12!
Missing character: There is no £ in font cmr12!
Missing character: There is no √ in font cmr12!
Missing character: There is no ≥ in font cmr12!
Missing character: There is no √ in font cmr12!
Missing character: There is no ß in font cmr12!
Missing character: There is no √ in font cmr12!
Missing character: There is no £ in font cmr12!
Missing character: There is no √ in font cmr12!
Missing character: There is no ° in font cmr12!
Missing character: There is no √ in font cmr12!
Missing character: There is no ß in font cmr12!
Missing character: There is no √ in font cmr12!
Missing character: There is no £ in font cmr12!
Missing character: There is no √ in font cmr12!
Missing character: There is no © in font cmr12!
Missing character: There is no √ in font cmr12!
Missing character: There is no ß in font cmr12!
Missing character: There is no √ in font cmr12!
Missing character: There is no µ in font cmr12!
Missing character: There is no √ in font cmr12!
Missing character: There is no £ in font cmr12!
Missing character: There is no √ in font cmr12!
Missing character: There is no ° in font cmr12!
Missing character: There is no √ in font cmr12!
Missing character: There is no ß in font cmr12!
Missing character: There is no √ in font cmr12!
Missing character: There is no ß in font cmr12!
Missing character: There is no √ in font cmr12!
Missing character: There is no £ in font cmr12!
Missing character: There is no √ in font cmr12!
Missing character: There is no ° in font cmr12!
Missing character: There is no √ in font cmr12!
Missing character: There is no © in font cmr12!
Missing character: There is no √ in font cmr12!
Missing character: There is no ° in font cmr12!
Missing character: There is no √ in font cmr12!
Missing character: There is no ß in font cmr12!
Missing character: There is no √ in font cmr12!
Missing character: There is no £ in font cmr12!
Missing character: There is no √ in font cmr12!
Missing character: There is no ß in font cmr12!
Missing character: There is no √ in font cmr12!
Missing character: There is no £ in font cmr12!
Missing character: There is no √ in font cmr12!
Missing character: There is no £ in font cmr12!
Missing character: There is no √ in font cmr12!
Missing character: There is no ß in font cmr12!
Missing character: There is no √ in font cmr12!
Missing character: There is no µ in font cmr12!
Missing character: There is no √ in font cmr12!
Missing character: There is no © in font cmr12!
Missing character: There is no √ in font cmr12!
Missing character: There is no † in font cmr12!
Missing character: There is no √ in font cmr12!
Missing character: There is no ß in font cmr12!
Missing character: There is no √ in font cmr12!
Missing character: There is no £ in font cmr12!
Missing character: There is no √ in font cmr12!
Missing character: There is no ß in font cmr12!
Missing character: There is no √ in font cmr12!
Missing character: There is no µ in font cmr12!
Missing character: There is no √ in font cmr12!
Missing character: There is no ß in font cmr12!
Missing character: There is no √ in font cmr12!
Missing character: There is no £ in font cmr12!
Missing character: There is no √ in font cmr12!
Missing character: There is no ß in font cmr12!
Missing character: There is no √ in font cmr12!
Missing character: There is no £ in font cmr12!
Missing character: There is no √ in font cmr12!
Missing character: There is no £ in font cmr12!
Missing character: There is no √ in font cmr12!
Missing character: There is no © in font cmr12!
Missing character: There is no √ in font cmr12!
Missing character: There is no ß in font cmr12!
Missing character: There is no √ in font cmr12!
Missing character: There is no £ in font cmr12!
Missing character: There is no √ in font cmr12!
Missing character: There is no ≠ in font cmr12!
Missing character: There is no √ in font cmr12!
Missing character: There is no ° in font cmr12!
Missing character: There is no √ in font cmr12!
Missing character: There is no ° in font cmr12!
Missing character: There is no √ in font cmr12!
Missing character: There is no ß in font cmr12!
Missing character: There is no √ in font cmr12!
Missing character: There is no ß in font cmr12!
Missing character: There is no √ in font cmr12!
Missing character: There is no £ in font cmr12!
Missing character: There is no √ in font cmr12!
Missing character: There is no ß in font cmr12!
Missing character: There is no √ in font cmr12!
Missing character: There is no £ in font cmr12!
Missing character: There is no √ in font cmr12!
Missing character: There is no © in font cmr12!
Missing character: There is no √ in font cmr12!
Missing character: There is no ≥ in font cmr12!
Missing character: There is no √ in font cmr12!
Missing character: There is no ß in font cmr12!
Missing character: There is no √ in font cmr12!
Missing character: There is no £ in font cmr12!
Missing character: There is no √ in font cmr12!
Missing character: There is no ß in font cmr12!
Missing character: There is no √ in font cmr12!
Missing character: There is no £ in font cmr12!
Missing character: There is no √ in font cmr12!
Missing character: There is no © in font cmr12!
Missing character: There is no √ in font cmr12!
Missing character: There is no † in font cmr12!
Missing character: There is no √ in font cmr12!
Missing character: There is no ß in font cmr12!
Missing character: There is no √ in font cmr12!
Missing character: There is no £ in font cmr12!
 [23]
Missing character: There is no √ in font cmbx12!
Missing character: There is no ß in font cmbx12!
Missing character: There is no √ in font cmbx12!
Missing character: There is no ß in font cmbx12!
Missing character: There is no √ in font cmbx12!
Missing character: There is no £ in font cmbx12!
Missing character: There is no √ in font cmr12!
Missing character: There is no ß in font cmr12!
Missing character: There is no √ in font cmr12!
Missing character: There is no £ in font cmr12!
Missing character: There is no √ in font cmr12!
Missing character: There is no ≠ in font cmr12!
Missing character: There is no √ in font cmr12!
Missing character: There is no ß in font cmr12!
Missing character: There is no √ in font cmr12!
Missing character: There is no µ in font cmr12!
Missing character: There is no √ in font cmr12!
Missing character: There is no ß in font cmr12!
Missing character: There is no √ in font cmr12!
Missing character: There is no £ in font cmr12!
Missing character: There is no √ in font cmr12!
Missing character: There is no ß in font cmr12!
Missing character: There is no √ in font cmr12!
Missing character: There is no ß in font cmr12!
Missing character: There is no √ in font cmr12!
Missing character: There is no £ in font cmr12!
Missing character: There is no √ in font cmr12!
Missing character: There is no £ in font cmr12!
Missing character: There is no √ in font cmr12!
Missing character: There is no £ in font cmr12!
Missing character: There is no √ in font cmr12!
Missing character: There is no ß in font cmr12!
Missing character: There is no √ in font cmr12!
Missing character: There is no µ in font cmr12!
Missing character: There is no √ in font cmr12!
Missing character: There is no £ in font cmr12!
Missing character: There is no √ in font cmr12!
Missing character: There is no £ in font cmr12!
Missing character: There is no √ in font cmr12!
Missing character: There is no ß in font cmr12!
Missing character: There is no √ in font cmr12!
Missing character: There is no µ in font cmr12!
Missing character: There is no √ in font cmr12!
Missing character: There is no © in font cmr12!
Missing character: There is no √ in font cmr12!
Missing character: There is no ß in font cmr12!
Missing character: There is no √ in font cmr12!
Missing character: There is no £ in font cmr12!
Missing character: There is no √ in font cmr12!
Missing character: There is no ß in font cmr12!
Missing character: There is no √ in font cmr12!
Missing character: There is no £ in font cmr12!
Missing character: There is no √ in font cmr12!
Missing character: There is no £ in font cmr12!
Missing character: There is no √ in font cmr12!
Missing character: There is no ß in font cmr12!
Missing character: There is no √ in font cmr12!
Missing character: There is no µ in font cmr12!
Missing character: There is no √ in font cmr12!
Missing character: There is no ß in font cmr12!
Missing character: There is no √ in font cmr12!
Missing character: There is no © in font cmr12!
Missing character: There is no √ in font cmr12!
Missing character: There is no £ in font cmr12!
Missing character: There is no √ in font cmr12!
Missing character: There is no £ in font cmr12!
Missing character: There is no √ in font cmr12!
Missing character: There is no ≥ in font cmr12!
Missing character: There is no √ in font cmr12!
Missing character: There is no © in font cmr12!
Missing character: There is no √ in font cmr12!
Missing character: There is no ß in font cmr12!
Missing character: There is no √ in font cmr12!
Missing character: There is no £ in font cmr12!
Missing character: There is no √ in font cmbx12!
Missing character: There is no © in font cmbx12!
Missing character: There is no √ in font cmbx12!
Missing character: There is no ß in font cmbx12!
Missing character: There is no √ in font cmbx12!
Missing character: There is no µ in font cmbx12!
Missing character: There is no √ in font cmr12!
Missing character: There is no ß in font cmr12!
Missing character: There is no √ in font cmr12!
Missing character: There is no £ in font cmr12!
Missing character: There is no √ in font cmr12!
Missing character: There is no ≠ in font cmr12!
Missing character: There is no √ in font cmr12!
Missing character: There is no ß in font cmr12!
Missing character: There is no √ in font cmr12!
Missing character: There is no µ in font cmr12!
Missing character: There is no √ in font cmr12!
Missing character: There is no © in font cmr12!
Missing character: There is no √ in font cmr12!
Missing character: There is no © in font cmr12!
Missing character: There is no √ in font cmr12!
Missing character: There is no ß in font cmr12!
Missing character: There is no √ in font cmr12!
Missing character: There is no µ in font cmr12!
Missing character: There is no √ in font cmr12!
Missing character: There is no ß in font cmr12!
Missing character: There is no √ in font cmr12!
Missing character: There is no µ in font cmr12!
Missing character: There is no √ in font cmr12!
Missing character: There is no µ in font cmr12!
Missing character: There is no √ in font cmr12!
Missing character: There is no ≥ in font cmr12!
Missing character: There is no √ in font cmr12!
Missing character: There is no ß in font cmr12!
Missing character: There is no √ in font cmr12!
Missing character: There is no £ in font cmr12!
Missing character: There is no √ in font cmr12!
Missing character: There is no ß in font cmr12!
Missing character: There is no √ in font cmr12!
Missing character: There is no µ in font cmr12!
Missing character: There is no √ in font cmr12!
Missing character: There is no © in font cmr12!
Missing character: There is no √ in font cmr12!
Missing character: There is no ≠ in font cmr12!
Missing character: There is no √ in font cmr12!
Missing character: There is no © in font cmr12!
Missing character: There is no √ in font cmr12!
Missing character: There is no ß in font cmr12!
Missing character: There is no √ in font cmr12!
Missing character: There is no µ in font cmr12!
Missing character: There is no √ in font cmr12!
Missing character: There is no ≥ in font cmr12!
Missing character: There is no √ in font cmr12!
Missing character: There is no ß in font cmr12!
Missing character: There is no √ in font cmr12!
Missing character: There is no £ in font cmr12!
Missing character: There is no √ in font cmr12!
Missing character: There is no £ in font cmr12!
Missing character: There is no √ in font cmr12!
Missing character: There is no ß in font cmr12!
Missing character: There is no √ in font cmr12!
Missing character: There is no £ in font cmr12!
Missing character: There is no √ in font cmr12!
Missing character: There is no ≥ in font cmr12!
Missing character: There is no √ in font cmr12!
Missing character: There is no £ in font cmr12!
Missing character: There is no √ in font cmr12!
Missing character: There is no µ in font cmr12!
Missing character: There is no √ in font cmr12!
Missing character: There is no † in font cmr12!
Missing character: There is no √ in font cmr12!
Missing character: There is no ß in font cmr12!
Missing character: There is no √ in font cmr12!
Missing character: There is no µ in font cmr12!
Missing character: There is no √ in font cmr12!
Missing character: There is no £ in font cmr12!
Missing character: There is no √ in font cmr12!
Missing character: There is no ß in font cmr12!
Missing character: There is no √ in font cmr12!
Missing character: There is no £ in font cmr12!
Missing character: There is no √ in font cmr12!
Missing character: There is no £ in font cmr12!
Missing character: There is no √ in font cmr12!
Missing character: There is no ß in font cmr12!
Missing character: There is no √ in font cmr12!
Missing character: There is no £ in font cmr12!
Missing character: There is no √ in font cmr12!
Missing character: There is no ß in font cmr12!
Missing character: There is no √ in font cmr12!
Missing character: There is no µ in font cmr12!
Missing character: There is no √ in font cmr12!
Missing character: There is no ß in font cmr12!
Missing character: There is no √ in font cmr12!
Missing character: There is no £ in font cmr12!
Missing character: There is no √ in font cmr12!
Missing character: There is no ß in font cmr12!
Missing character: There is no √ in font cmr12!
Missing character: There is no µ in font cmr12!
Missing character: There is no √ in font cmr12!
Missing character: There is no ß in font cmr12!
Missing character: There is no √ in font cmr12!
Missing character: There is no µ in font cmr12!
Missing character: There is no √ in font cmr12!
Missing character: There is no © in font cmr12!
Missing character: There is no √ in font cmr12!
Missing character: There is no ß in font cmr12!
Missing character: There is no √ in font cmr12!
Missing character: There is no £ in font cmr12!
Missing character: There is no √ in font cmr12!
Missing character: There is no ° in font cmr12!
Missing character: There is no √ in font cmr12!
Missing character: There is no µ in font cmr12!
Missing character: There is no √ in font cmr12!
Missing character: There is no ß in font cmr12!
Missing character: There is no √ in font cmr12!
Missing character: There is no µ in font cmr12!
Missing character: There is no √ in font cmr12!
Missing character: There is no ° in font cmr12!
Missing character: There is no √ in font cmr12!
Missing character: There is no ≠ in font cmr12!
Missing character: There is no √ in font cmr12!
Missing character: There is no ß in font cmr12!
Missing character: There is no √ in font cmr12!
Missing character: There is no µ in font cmr12!
Missing character: There is no √ in font cmr12!
Missing character: There is no ß in font cmr12!
Missing character: There is no √ in font cmr12!
Missing character: There is no µ in font cmr12!
Missing character: There is no √ in font cmr12!
Missing character: There is no ° in font cmr12!
Missing character: There is no √ in font cmbx12!
Missing character: There is no ≠ in font cmbx12!
Missing character: There is no √ in font cmr12!
Missing character: There is no ∫ in font cmr12!
Missing character: There is no √ in font cmr12!
Missing character: There is no ß in font cmr12!
Missing character: There is no √ in font cmr12!
Missing character: There is no µ in font cmr12!
Missing character: There is no √ in font cmr12!
Missing character: There is no ¢ in font cmr12!
Missing character: There is no √ in font cmr12!
Missing character: There is no ≠ in font cmr12!
Missing character: There is no √ in font cmr12!
Missing character: There is no ß in font cmr12!
Missing character: There is no √ in font cmr12!
Missing character: There is no £ in font cmr12!
Missing character: There is no √ in font cmr12!
Missing character: There is no ß in font cmr12!
Missing character: There is no √ in font cmr12!
Missing character: There is no £ in font cmr12!
Missing character: There is no √ in font cmr12!
Missing character: There is no ß in font cmr12!
Missing character: There is no √ in font cmr12!
Missing character: There is no £ in font cmr12!
Missing character: There is no √ in font cmr12!
Missing character: There is no ß in font cmr12!
Missing character: There is no √ in font cmr12!
Missing character: There is no £ in font cmr12!
Missing character: There is no √ in font cmr12!
Missing character: There is no ≠ in font cmr12!
Missing character: There is no √ in font cmr12!
Missing character: There is no £ in font cmr12!
Missing character: There is no √ in font cmr12!
Missing character: There is no ß in font cmr12!
Missing character: There is no √ in font cmr12!
Missing character: There is no £ in font cmr12!
Missing character: There is no √ in font cmr12!
Missing character: There is no ß in font cmr12!
Missing character: There is no √ in font cmr12!
Missing character: There is no µ in font cmr12!
Missing character: There is no √ in font cmr12!
Missing character: There is no † in font cmr12!
Missing character: There is no √ in font cmr12!
Missing character: There is no ß in font cmr12!
Missing character: There is no √ in font cmr12!
Missing character: There is no µ in font cmr12!
Missing character: There is no √ in font cmr12!
Missing character: There is no © in font cmr12!
Missing character: There is no √ in font cmr12!
Missing character: There is no ° in font cmr12!
Missing character: There is no √ in font cmr12!
Missing character: There is no ß in font cmr12!
Missing character: There is no √ in font cmr12!
Missing character: There is no £ in font cmr12!
Missing character: There is no √ in font cmr12!
Missing character: There is no ° in font cmr12!
Missing character: There is no √ in font cmr12!
Missing character: There is no © in font cmr12!
Missing character: There is no √ in font cmr12!
Missing character: There is no ° in font cmr12!
Missing character: There is no √ in font cmr12!
Missing character: There is no ß in font cmr12!
Missing character: There is no √ in font cmr12!
Missing character: There is no £ in font cmr12!
Missing character: There is no √ in font cmr12!
Missing character: There is no ° in font cmr12!
) [24] (./6_threats.tex) (./7_related_work.tex [25] [26])
(./8_conclusion.tex) (./jss.bbl [27] [28]
Overfull \hbox (68.53947pt too wide) in paragraph at lines 166--168
[]\OT1/cmr/m/n/10 J. Willis, What dev-ops means to me, re-trieved from \OT1/cmt
t/m/n/10 https://blog.chef.io/2010/07/16/what-devops-means-to-me/
 []

) [29] [30] [31] [32] (./jss.aux) )
(\end occurred inside a group at level 1)

### simple group (level 1) entered at line 88 ({)
### bottom level 
Here is how much of TeX's memory you used:
 21241 strings out of 493014
 423383 string characters out of 6133351
 468493 words of memory out of 5000000
 24450 multiletter control sequences out of 15000+600000
 9593 words of font info for 33 fonts, out of 8000000 for 9000
 1142 hyphenation exceptions out of 8191
 67i,10n,76p,10413b,999s stack positions out of 5000i,500n,10000p,200000b,80000s
</usr/local/texlive/2016/texmf-dist/fonts/type1/public/amsfonts
/cm/cmbx12.pfb></usr/local/texlive/2016/texmf-dist/fonts/type1/public/amsfonts/
cm/cmbxti10.pfb></usr/local/texlive/2016/texmf-dist/fonts/type1/public/amsfonts
/cm/cmmi10.pfb></usr/local/texlive/2016/texmf-dist/fonts/type1/public/amsfonts/
cm/cmmi8.pfb></usr/local/texlive/2016/texmf-dist/fonts/type1/public/amsfonts/cm
/cmr10.pfb></usr/local/texlive/2016/texmf-dist/fonts/type1/public/amsfonts/cm/c
mr12.pfb></usr/local/texlive/2016/texmf-dist/fonts/type1/public/amsfonts/cm/cmr
17.pfb></usr/local/texlive/2016/texmf-dist/fonts/type1/public/amsfonts/cm/cmr7.
pfb></usr/local/texlive/2016/texmf-dist/fonts/type1/public/amsfonts/cm/cmr8.pfb
></usr/local/texlive/2016/texmf-dist/fonts/type1/public/amsfonts/cm/cmsy10.pfb>
</usr/local/texlive/2016/texmf-dist/fonts/type1/public/amsfonts/cm/cmsy7.pfb></
usr/local/texlive/2016/texmf-dist/fonts/type1/public/amsfonts/cm/cmsy8.pfb></us
r/local/texlive/2016/texmf-dist/fonts/type1/public/amsfonts/cm/cmti10.pfb></usr
/local/texlive/2016/texmf-dist/fonts/type1/public/amsfonts/cm/cmti12.pfb></usr/
local/texlive/2016/texmf-dist/fonts/type1/public/amsfonts/cm/cmti7.pfb></usr/lo
cal/texlive/2016/texmf-dist/fonts/type1/public/amsfonts/cm/cmti8.pfb></usr/loca
l/texlive/2016/texmf-dist/fonts/type1/public/amsfonts/cm/cmtt10.pfb>
Output written on jss.pdf (32 pages, 361125 bytes).
PDF statistics:
 184 PDF objects out of 1000 (max. 8388607)
 127 compressed objects within 2 object streams
 0 named destinations out of 1000 (max. 500000)
 23 words of extra memory for PDF output out of 10000 (max. 10000000)

